\BOOKMARK [0][]{chapter.1}{\376\377\0001\000\040\165\050\142\067\142\113\121\214}{}% 1
\BOOKMARK [1][]{section.1.1}{\376\377\0001\000.\0001\000\040\177\026\213\321\116\016\155\113\213\325\213\364\146\016}{chapter.1}% 2
\BOOKMARK [1][]{section.1.2}{\376\377\0001\000.\0002\000\040\145\271\172\013\116\016\123\302\145\160\166\204\201\352\133\232\116\111\213\364\146\016}{chapter.1}% 3
\BOOKMARK [0][]{chapter.2}{\376\377\0002\000\040\213\276\213\241\142\113\121\214}{}% 4
\BOOKMARK [1][]{section.2.1}{\376\377\0002\000.\0001\000\040\154\102\211\343\126\150\174\173\116\016\176\347\142\177\121\163\174\373}{chapter.2}% 5
\BOOKMARK [1][]{section.2.2}{\376\377\0002\000.\0002\000\040\173\227\133\120\174\173\116\016\176\347\142\177\121\163\174\373}{chapter.2}% 6
\BOOKMARK [1][]{section.2.3}{\376\377\0002\000.\0003\000\040\210\150\217\276\137\017\211\343\147\220\126\150}{chapter.2}% 7
\BOOKMARK [1][]{section.2.4}{\376\377\0002\000.\0004\000\040\227\142\124\021\165\050\142\067\166\204\116\214\153\041\134\001\210\305}{chapter.2}% 8
\BOOKMARK [1][]{section.2.5}{\376\377\0002\000.\0005\000\040\217\355\116\343\166\204\213\276\213\241\211\201\160\271\116\016\117\030\123\026}{chapter.2}% 9
\BOOKMARK [2][]{subsection.2.5.1}{\376\377\0002\000.\0005\000.\0001\000\040\153\143\136\070\176\310\153\142\116\016\210\253\217\353\176\310\153\142}{section.2.5}% 10
\BOOKMARK [2][]{subsection.2.5.2}{\376\377\0002\000.\0005\000.\0002\000\040\000F\000M\000G\000-\000C\000y\000c\000l\000e\166\204\221\315\131\015\217\355\116\343}{section.2.5}% 11
\BOOKMARK [2][]{subsection.2.5.3}{\376\377\0002\000.\0005\000.\0003\000\040\000A\000h\166\204\230\204\173\227\117\030\123\026}{section.2.5}% 12
\BOOKMARK [2][]{subsection.2.5.4}{\376\377\0002\000.\0005\000.\0004\000\040\176\257\000N\000e\000u\000m\000a\000n\000n\147\141\116\366\116\013\167\351\226\065\116\015\220\002\133\232\166\204\131\004\164\006\145\271\154\325}{section.2.5}% 13
\BOOKMARK [0][]{chapter.3}{\376\377\0003\000\040\116\000\176\364\123\072\127\337\116\055\166\204\000B\000V\000P}{}% 14
\BOOKMARK [1][]{section.3.1}{\376\377\0003\000.\0001\000\040\213\276\213\241\211\201\160\271}{chapter.3}% 15
\BOOKMARK [2][]{subsection.3.1.1}{\376\377\0003\000.\0001\000.\0001\000\040\116\000\176\364\123\072\127\337\166\204\116\214\153\041\143\322\120\074}{section.3.1}% 16
\BOOKMARK [1][]{section.3.2}{\376\377\0003\000.\0002\000\040\145\160\120\074\133\236\232\214}{chapter.3}% 17
\BOOKMARK [2][]{subsection.3.2.1}{\376\377\0003\000.\0002\000.\0001\000\040\000D\000i\000r\000i\000c\000h\000l\000e\000t\217\271\120\074\225\356\230\230\166\204\154\102\211\343\060\001\213\357\135\356\122\006\147\220\060\001\145\066\145\133\140\047\122\006\147\220}{section.3.2}% 18
\BOOKMARK [2][]{subsection.3.2.2}{\376\377\0003\000.\0002\000.\0002\000\040\000N\000e\000u\000m\000a\000n\000n\217\271\120\074\225\356\230\230\166\204\154\102\211\343\060\001\213\357\135\356\122\006\147\220\060\001\145\066\145\133\140\047\122\006\147\220}{section.3.2}% 19
\BOOKMARK [2][]{subsection.3.2.3}{\376\377\0003\000.\0002\000.\0003\000\040\155\367\124\010\217\271\120\074\225\356\230\230\166\204\154\102\211\343\060\001\213\357\135\356\122\006\147\220\060\001\145\066\145\133\140\047\122\006\147\220}{section.3.2}% 20
\BOOKMARK [2][]{subsection.3.2.4}{\376\377\0003\000.\0002\000.\0004\000\040\000V\000-\000C\000y\000c\000l\000e\000\040\116\016\000\040\000F\000M\000G\000-\000C\000y\000c\000l\000e\000\040\166\204\133\371\153\324}{section.3.2}% 21
\BOOKMARK [2][]{subsection.3.2.5}{\376\377\0003\000.\0002\000.\0005\000\040\226\120\122\066\173\227\133\120\116\016\143\322\120\074\173\227\133\120\166\204\220\011\142\351\155\113\213\325}{section.3.2}% 22
\BOOKMARK [2][]{subsection.3.2.6}{\376\377\0003\000.\0002\000.\0006\000\040\154\102\211\343\174\276\136\246\166\204\147\201\226\120\155\113\213\325}{section.3.2}% 23
\BOOKMARK [0][]{chapter.4}{\376\377\0004\000\040\116\214\176\364\211\304\122\031\123\072\127\337\116\055\166\204\000B\000V\000P}{}% 24
\BOOKMARK [1][]{section.4.1}{\376\377\0004\000.\0001\000\040\213\276\213\241\211\201\160\271}{chapter.4}% 25
\BOOKMARK [2][]{subsection.4.1.1}{\376\377\0004\000.\0001\000.\0001\000\040\116\214\176\364\123\072\127\337\166\204\176\277\140\047\143\322\120\074}{section.4.1}% 26
\BOOKMARK [2][]{subsection.4.1.2}{\376\377\0004\000.\0001\000.\0002\000\040\116\214\176\364\123\072\127\337\166\204\116\214\153\041\143\322\120\074}{section.4.1}% 27
\BOOKMARK [1][]{section.4.2}{\376\377\0004\000.\0002\000\040\145\160\120\074\133\236\232\214}{chapter.4}% 28
\BOOKMARK [2][]{subsection.4.2.1}{\376\377\0004\000.\0002\000.\0001\000\040\000D\000i\000r\000i\000c\000h\000l\000e\000t\217\271\120\074\225\356\230\230\166\204\154\102\211\343\060\001\213\357\135\356\122\006\147\220\060\001\145\066\145\133\140\047\122\006\147\220}{section.4.2}% 29
\BOOKMARK [2][]{subsection.4.2.2}{\376\377\0004\000.\0002\000.\0002\000\040\000N\000e\000u\000m\000a\000n\000n\217\271\120\074\225\356\230\230\166\204\154\102\211\343\060\001\213\357\135\356\122\006\147\220\060\001\145\066\145\133\140\047\122\006\147\220}{section.4.2}% 30
\BOOKMARK [2][]{subsection.4.2.3}{\376\377\0004\000.\0002\000.\0003\000\040\155\367\124\010\217\271\120\074\225\356\230\230\166\204\154\102\211\343\060\001\213\357\135\356\122\006\147\220\060\001\145\066\145\133\140\047\122\006\147\220}{section.4.2}% 31
\BOOKMARK [2][]{subsection.4.2.4}{\376\377\0004\000.\0002\000.\0004\000\040\000V\000-\000C\000y\000c\000l\000e\000\040\116\016\000\040\000F\000M\000G\000-\000C\000y\000c\000l\000e\000\040\166\204\133\371\153\324}{section.4.2}% 32
\BOOKMARK [2][]{subsection.4.2.5}{\376\377\0004\000.\0002\000.\0005\000\040\226\120\122\066\173\227\133\120\116\016\143\322\120\074\173\227\133\120\166\204\220\011\142\351\155\113\213\325}{section.4.2}% 33
\BOOKMARK [2][]{subsection.4.2.6}{\376\377\0004\000.\0002\000.\0006\000\040\131\032\221\315\177\121\150\074\116\016\000L\000U\122\006\211\343\154\325\166\204\154\102\211\343\220\037\136\246\133\371\153\324}{section.4.2}% 34
\BOOKMARK [1][]{section.4.3}{\376\377\0004\000.\0003\000\040\164\006\213\272\122\006\147\220}{chapter.4}% 35
\BOOKMARK [0][]{chapter.5}{\376\377\0005\000\040\116\214\176\364\116\015\211\304\122\031\123\072\127\337\116\055\166\204\000B\000V\000P}{}% 36
\BOOKMARK [1][]{section.5.1}{\376\377\0005\000.\0001\000\040\213\276\213\241\211\201\160\271}{chapter.5}% 37
\BOOKMARK [2][]{subsection.5.1.1}{\376\377\0005\000.\0001\000.\0001\000\040\142\155\146\362\177\121\150\074\173\200\116\313}{section.5.1}% 38
\BOOKMARK [2][]{subsection.5.1.2}{\376\377\0005\000.\0001\000.\0002\000\040\142\155\146\362\177\121\150\074\116\055\166\204\000L\000a\000p\000l\000a\000c\000e\145\271\172\013}{section.5.1}% 39
\BOOKMARK [2][]{subsection.5.1.3}{\376\377\0005\000.\0001\000.\0003\000\040\142\155\146\362\177\121\150\074\116\055\166\204\000N\000e\000u\000m\000a\000n\000n\217\271\120\074\147\141\116\366\145\271\172\013}{section.5.1}% 40
\BOOKMARK [3][]{subsubsection.5.1.3.1}{\376\377\0005\000.\0001\000.\0003\000.\0001\000\040\000x\000=\0000\116\016\000x\000=\0001\217\271\165\114}{subsection.5.1.3}% 41
\BOOKMARK [3][]{subsubsection.5.1.3.2}{\376\377\0005\000.\0001\000.\0003\000.\0002\000\040\000y\000=\0001\217\271\165\114}{subsection.5.1.3}% 42
\BOOKMARK [3][]{subsubsection.5.1.3.3}{\376\377\0005\000.\0001\000.\0003\000.\0003\000\040\116\013\217\271\165\114}{subsection.5.1.3}% 43
\BOOKMARK [2][]{subsection.5.1.4}{\376\377\0005\000.\0001\000.\0004\000\040\142\155\146\362\177\121\150\074\116\055\166\204\176\277\140\047\143\322\120\074}{section.5.1}% 44
\BOOKMARK [2][]{subsection.5.1.5}{\376\377\0005\000.\0001\000.\0005\000\040\142\155\146\362\177\121\150\074\116\055\166\204\116\214\153\041\143\322\120\074}{section.5.1}% 45
\BOOKMARK [1][]{section.5.2}{\376\377\0005\000.\0002\000\040\145\160\120\074\133\236\232\214}{chapter.5}% 46
\BOOKMARK [2][]{subsection.5.2.1}{\376\377\0005\000.\0002\000.\0001\000\040\000D\000i\000r\000i\000c\000h\000l\000e\000t\217\271\120\074\225\356\230\230\166\204\154\102\211\343\060\001\213\357\135\356\122\006\147\220\060\001\145\066\145\133\140\047\122\006\147\220}{section.5.2}% 47
\BOOKMARK [2][]{subsection.5.2.2}{\376\377\0005\000.\0002\000.\0002\000\040\000N\000e\000u\000m\000a\000n\000n\217\271\120\074\225\356\230\230\166\204\154\102\211\343\060\001\213\357\135\356\122\006\147\220\060\001\145\066\145\133\140\047\122\006\147\220}{section.5.2}% 48
\BOOKMARK [2][]{subsection.5.2.3}{\376\377\0005\000.\0002\000.\0003\000\040\155\367\124\010\217\271\120\074\225\356\230\230\166\204\154\102\211\343\060\001\213\357\135\356\122\006\147\220\060\001\145\066\145\133\140\047\122\006\147\220}{section.5.2}% 49
\BOOKMARK [2][]{subsection.5.2.4}{\376\377\0005\000.\0002\000.\0004\000\040\000V\000-\000C\000y\000c\000l\000e\000\040\116\016\000\040\000F\000M\000G\000-\000C\000y\000c\000l\000e\000\040\166\204\133\371\153\324}{section.5.2}% 50
\BOOKMARK [2][]{subsection.5.2.5}{\376\377\0005\000.\0002\000.\0005\000\040\176\277\140\047\143\322\120\074\116\016\116\214\153\041\143\322\120\074\166\204\133\371\153\324}{section.5.2}% 51
